CRITICAL - 2024-02-22 01:24:58 --> Invalid file: "index.php"
in SYSTEMPATH\Exceptions\FrameworkException.php on line 33.
 1 SYSTEMPATH\View\View.php(201): CodeIgniter\Exceptions\FrameworkException::forInvalidFile('FCPATH\\index.php')
 2 SYSTEMPATH\Common.php(1177): CodeIgniter\View\View->render('index', [], true)
 3 APPPATH\Controllers\Produtos.php(11): view('index')
 4 SYSTEMPATH\CodeIgniter.php(934): App\Controllers\Produtos->index()
 5 SYSTEMPATH\CodeIgniter.php(499): CodeIgniter\CodeIgniter->runController(Object(App\Controllers\Produtos))
 6 SYSTEMPATH\CodeIgniter.php(368): CodeIgniter\CodeIgniter->handleRequest(null, Object(Config\Cache), false)
 7 FCPATH\index.php(67): CodeIgniter\CodeIgniter->run()
 8 SYSTEMPATH\Commands\Server\rewrite.php(47): require_once('FCPATH\\index.php')
CRITICAL - 2024-02-22 01:25:42 --> Invalid file: "index.php"
in SYSTEMPATH\Exceptions\FrameworkException.php on line 33.
 1 SYSTEMPATH\View\View.php(201): CodeIgniter\Exceptions\FrameworkException::forInvalidFile('FCPATH\\index.php')
 2 SYSTEMPATH\Common.php(1177): CodeIgniter\View\View->render('index', [], true)
 3 APPPATH\Controllers\Produtos.php(11): view('index')
 4 SYSTEMPATH\CodeIgniter.php(934): App\Controllers\Produtos->index()
 5 SYSTEMPATH\CodeIgniter.php(499): CodeIgniter\CodeIgniter->runController(Object(App\Controllers\Produtos))
 6 SYSTEMPATH\CodeIgniter.php(368): CodeIgniter\CodeIgniter->handleRequest(null, Object(Config\Cache), false)
 7 FCPATH\index.php(67): CodeIgniter\CodeIgniter->run()
 8 SYSTEMPATH\Commands\Server\rewrite.php(47): require_once('FCPATH\\index.php')
CRITICAL - 2024-02-22 01:25:49 --> Invalid file: "index.php"
in SYSTEMPATH\Exceptions\FrameworkException.php on line 33.
 1 SYSTEMPATH\View\View.php(201): CodeIgniter\Exceptions\FrameworkException::forInvalidFile('FCPATH\\index.php')
 2 SYSTEMPATH\Common.php(1177): CodeIgniter\View\View->render('index', [], true)
 3 APPPATH\Controllers\Produtos.php(11): view('index')
 4 SYSTEMPATH\CodeIgniter.php(934): App\Controllers\Produtos->index()
 5 SYSTEMPATH\CodeIgniter.php(499): CodeIgniter\CodeIgniter->runController(Object(App\Controllers\Produtos))
 6 SYSTEMPATH\CodeIgniter.php(368): CodeIgniter\CodeIgniter->handleRequest(null, Object(Config\Cache), false)
 7 FCPATH\index.php(67): CodeIgniter\CodeIgniter->run()
 8 SYSTEMPATH\Commands\Server\rewrite.php(47): require_once('FCPATH\\index.php')
CRITICAL - 2024-02-22 12:26:58 --> The framework needs the following extension(s) installed and loaded: intl.
in SYSTEMPATH\CodeIgniter.php on line 226.
 1 SYSTEMPATH\CodeIgniter.php(226): CodeIgniter\Exceptions\FrameworkException::forMissingExtension('intl')
 2 SYSTEMPATH\CodeIgniter.php(190): CodeIgniter\CodeIgniter->resolvePlatformExtensions()
 3 ROOTPATH\spark(83): CodeIgniter\CodeIgniter->initialize()
ERROR - 2024-02-22 13:02:30 --> Error connecting to the database: mysqli_sql_exception: Access denied for user 'root'@'localhost' (using password: YES) in C:\xampp\htdocs\NF-e-NFC-e-Project-CodeIgniter-4-\system\Database\MySQLi\Connection.php:173
Stack trace:
#0 C:\xampp\htdocs\NF-e-NFC-e-Project-CodeIgniter-4-\system\Database\MySQLi\Connection.php(173): mysqli->real_connect('localhost', 'root', Object(SensitiveParameterValue), 'ci4_nfs_project', 3306, '', 0)
#1 C:\xampp\htdocs\NF-e-NFC-e-Project-CodeIgniter-4-\system\Database\BaseConnection.php(391): CodeIgniter\Database\MySQLi\Connection->connect(false)
#2 C:\xampp\htdocs\NF-e-NFC-e-Project-CodeIgniter-4-\system\Database\BaseConnection.php(573): CodeIgniter\Database\BaseConnection->initialize()
#3 C:\xampp\htdocs\NF-e-NFC-e-Project-CodeIgniter-4-\system\Database\BaseConnection.php(1408): CodeIgniter\Database\BaseConnection->query('SHOW TABLES FRO...')
#4 C:\xampp\htdocs\NF-e-NFC-e-Project-CodeIgniter-4-\system\Database\BaseConnection.php(1427): CodeIgniter\Database\BaseConnection->listTables()
#5 C:\xampp\htdocs\NF-e-NFC-e-Project-CodeIgniter-4-\system\Database\MigrationRunner.php(768): CodeIgniter\Database\BaseConnection->tableExists('migrations')
#6 C:\xampp\htdocs\NF-e-NFC-e-Project-CodeIgniter-4-\system\Database\MigrationRunner.php(168): CodeIgniter\Database\MigrationRunner->ensureTable()
#7 C:\xampp\htdocs\NF-e-NFC-e-Project-CodeIgniter-4-\system\Commands\Database\Migrate.php(84): CodeIgniter\Database\MigrationRunner->latest(NULL)
#8 C:\xampp\htdocs\NF-e-NFC-e-Project-CodeIgniter-4-\system\CLI\Commands.php(65): CodeIgniter\Commands\Database\Migrate->run(Array)
#9 C:\xampp\htdocs\NF-e-NFC-e-Project-CodeIgniter-4-\system\CLI\Console.php(37): CodeIgniter\CLI\Commands->run('migrate', Array)
#10 C:\xampp\htdocs\NF-e-NFC-e-Project-CodeIgniter-4-\spark(97): CodeIgniter\CLI\Console->run()
#11 {main}

Next CodeIgniter\Database\Exceptions\DatabaseException: Access denied for user '****'@'localhost' (using password: YES) in C:\xampp\htdocs\NF-e-NFC-e-Project-CodeIgniter-4-\system\Database\MySQLi\Connection.php:218
Stack trace:
#0 C:\xampp\htdocs\NF-e-NFC-e-Project-CodeIgniter-4-\system\Database\BaseConnection.php(391): CodeIgniter\Database\MySQLi\Connection->connect(false)
#1 C:\xampp\htdocs\NF-e-NFC-e-Project-CodeIgniter-4-\system\Database\BaseConnection.php(573): CodeIgniter\Database\BaseConnection->initialize()
#2 C:\xampp\htdocs\NF-e-NFC-e-Project-CodeIgniter-4-\system\Database\BaseConnection.php(1408): CodeIgniter\Database\BaseConnection->query('SHOW TABLES FRO...')
#3 C:\xampp\htdocs\NF-e-NFC-e-Project-CodeIgniter-4-\system\Database\BaseConnection.php(1427): CodeIgniter\Database\BaseConnection->listTables()
#4 C:\xampp\htdocs\NF-e-NFC-e-Project-CodeIgniter-4-\system\Database\MigrationRunner.php(768): CodeIgniter\Database\BaseConnection->tableExists('migrations')
#5 C:\xampp\htdocs\NF-e-NFC-e-Project-CodeIgniter-4-\system\Database\MigrationRunner.php(168): CodeIgniter\Database\MigrationRunner->ensureTable()
#6 C:\xampp\htdocs\NF-e-NFC-e-Project-CodeIgniter-4-\system\Commands\Database\Migrate.php(84): CodeIgniter\Database\MigrationRunner->latest(NULL)
#7 C:\xampp\htdocs\NF-e-NFC-e-Project-CodeIgniter-4-\system\CLI\Commands.php(65): CodeIgniter\Commands\Database\Migrate->run(Array)
#8 C:\xampp\htdocs\NF-e-NFC-e-Project-CodeIgniter-4-\system\CLI\Console.php(37): CodeIgniter\CLI\Commands->run('migrate', Array)
#9 C:\xampp\htdocs\NF-e-NFC-e-Project-CodeIgniter-4-\spark(97): CodeIgniter\CLI\Console->run()
#10 {main}
ERROR - 2024-02-22 13:04:28 --> Error connecting to the database: mysqli_sql_exception: Access denied for user 'root'@'localhost' (using password: YES) in C:\xampp\htdocs\NF-e-NFC-e-Project-CodeIgniter-4-\system\Database\MySQLi\Connection.php:173
Stack trace:
#0 C:\xampp\htdocs\NF-e-NFC-e-Project-CodeIgniter-4-\system\Database\MySQLi\Connection.php(173): mysqli->real_connect('localhost', 'root', Object(SensitiveParameterValue), 'ci4_nfs_project', 3306, '', 0)
#1 C:\xampp\htdocs\NF-e-NFC-e-Project-CodeIgniter-4-\system\Database\BaseConnection.php(391): CodeIgniter\Database\MySQLi\Connection->connect(false)
#2 C:\xampp\htdocs\NF-e-NFC-e-Project-CodeIgniter-4-\system\Database\BaseConnection.php(573): CodeIgniter\Database\BaseConnection->initialize()
#3 C:\xampp\htdocs\NF-e-NFC-e-Project-CodeIgniter-4-\system\Database\BaseConnection.php(1408): CodeIgniter\Database\BaseConnection->query('SHOW TABLES FRO...')
#4 C:\xampp\htdocs\NF-e-NFC-e-Project-CodeIgniter-4-\system\Database\BaseConnection.php(1427): CodeIgniter\Database\BaseConnection->listTables()
#5 C:\xampp\htdocs\NF-e-NFC-e-Project-CodeIgniter-4-\system\Database\MigrationRunner.php(768): CodeIgniter\Database\BaseConnection->tableExists('migrations')
#6 C:\xampp\htdocs\NF-e-NFC-e-Project-CodeIgniter-4-\system\Database\MigrationRunner.php(168): CodeIgniter\Database\MigrationRunner->ensureTable()
#7 C:\xampp\htdocs\NF-e-NFC-e-Project-CodeIgniter-4-\system\Commands\Database\Migrate.php(84): CodeIgniter\Database\MigrationRunner->latest(NULL)
#8 C:\xampp\htdocs\NF-e-NFC-e-Project-CodeIgniter-4-\system\CLI\Commands.php(65): CodeIgniter\Commands\Database\Migrate->run(Array)
#9 C:\xampp\htdocs\NF-e-NFC-e-Project-CodeIgniter-4-\system\CLI\Console.php(37): CodeIgniter\CLI\Commands->run('migrate', Array)
#10 C:\xampp\htdocs\NF-e-NFC-e-Project-CodeIgniter-4-\spark(97): CodeIgniter\CLI\Console->run()
#11 {main}

Next CodeIgniter\Database\Exceptions\DatabaseException: Access denied for user '****'@'localhost' (using password: YES) in C:\xampp\htdocs\NF-e-NFC-e-Project-CodeIgniter-4-\system\Database\MySQLi\Connection.php:218
Stack trace:
#0 C:\xampp\htdocs\NF-e-NFC-e-Project-CodeIgniter-4-\system\Database\BaseConnection.php(391): CodeIgniter\Database\MySQLi\Connection->connect(false)
#1 C:\xampp\htdocs\NF-e-NFC-e-Project-CodeIgniter-4-\system\Database\BaseConnection.php(573): CodeIgniter\Database\BaseConnection->initialize()
#2 C:\xampp\htdocs\NF-e-NFC-e-Project-CodeIgniter-4-\system\Database\BaseConnection.php(1408): CodeIgniter\Database\BaseConnection->query('SHOW TABLES FRO...')
#3 C:\xampp\htdocs\NF-e-NFC-e-Project-CodeIgniter-4-\system\Database\BaseConnection.php(1427): CodeIgniter\Database\BaseConnection->listTables()
#4 C:\xampp\htdocs\NF-e-NFC-e-Project-CodeIgniter-4-\system\Database\MigrationRunner.php(768): CodeIgniter\Database\BaseConnection->tableExists('migrations')
#5 C:\xampp\htdocs\NF-e-NFC-e-Project-CodeIgniter-4-\system\Database\MigrationRunner.php(168): CodeIgniter\Database\MigrationRunner->ensureTable()
#6 C:\xampp\htdocs\NF-e-NFC-e-Project-CodeIgniter-4-\system\Commands\Database\Migrate.php(84): CodeIgniter\Database\MigrationRunner->latest(NULL)
#7 C:\xampp\htdocs\NF-e-NFC-e-Project-CodeIgniter-4-\system\CLI\Commands.php(65): CodeIgniter\Commands\Database\Migrate->run(Array)
#8 C:\xampp\htdocs\NF-e-NFC-e-Project-CodeIgniter-4-\system\CLI\Console.php(37): CodeIgniter\CLI\Commands->run('migrate', Array)
#9 C:\xampp\htdocs\NF-e-NFC-e-Project-CodeIgniter-4-\spark(97): CodeIgniter\CLI\Console->run()
#10 {main}
ERROR - 2024-02-22 13:07:19 --> Error connecting to the database: mysqli_sql_exception: Access denied for user 'root'@'localhost' (using password: YES) in C:\xampp\htdocs\NF-e-NFC-e-Project-CodeIgniter-4-\system\Database\MySQLi\Connection.php:173
Stack trace:
#0 C:\xampp\htdocs\NF-e-NFC-e-Project-CodeIgniter-4-\system\Database\MySQLi\Connection.php(173): mysqli->real_connect('localhost', 'root', Object(SensitiveParameterValue), 'ci4_nfs_project', 3306, '', 0)
#1 C:\xampp\htdocs\NF-e-NFC-e-Project-CodeIgniter-4-\system\Database\BaseConnection.php(391): CodeIgniter\Database\MySQLi\Connection->connect(false)
#2 C:\xampp\htdocs\NF-e-NFC-e-Project-CodeIgniter-4-\system\Database\BaseConnection.php(573): CodeIgniter\Database\BaseConnection->initialize()
#3 C:\xampp\htdocs\NF-e-NFC-e-Project-CodeIgniter-4-\system\Database\BaseConnection.php(1408): CodeIgniter\Database\BaseConnection->query('SHOW TABLES FRO...')
#4 C:\xampp\htdocs\NF-e-NFC-e-Project-CodeIgniter-4-\system\Database\BaseConnection.php(1427): CodeIgniter\Database\BaseConnection->listTables()
#5 C:\xampp\htdocs\NF-e-NFC-e-Project-CodeIgniter-4-\system\Database\MigrationRunner.php(768): CodeIgniter\Database\BaseConnection->tableExists('migrations')
#6 C:\xampp\htdocs\NF-e-NFC-e-Project-CodeIgniter-4-\system\Database\MigrationRunner.php(168): CodeIgniter\Database\MigrationRunner->ensureTable()
#7 C:\xampp\htdocs\NF-e-NFC-e-Project-CodeIgniter-4-\system\Commands\Database\Migrate.php(84): CodeIgniter\Database\MigrationRunner->latest(NULL)
#8 C:\xampp\htdocs\NF-e-NFC-e-Project-CodeIgniter-4-\system\CLI\Commands.php(65): CodeIgniter\Commands\Database\Migrate->run(Array)
#9 C:\xampp\htdocs\NF-e-NFC-e-Project-CodeIgniter-4-\system\CLI\Console.php(37): CodeIgniter\CLI\Commands->run('migrate', Array)
#10 C:\xampp\htdocs\NF-e-NFC-e-Project-CodeIgniter-4-\spark(97): CodeIgniter\CLI\Console->run()
#11 {main}

Next CodeIgniter\Database\Exceptions\DatabaseException: Access denied for user '****'@'localhost' (using password: YES) in C:\xampp\htdocs\NF-e-NFC-e-Project-CodeIgniter-4-\system\Database\MySQLi\Connection.php:218
Stack trace:
#0 C:\xampp\htdocs\NF-e-NFC-e-Project-CodeIgniter-4-\system\Database\BaseConnection.php(391): CodeIgniter\Database\MySQLi\Connection->connect(false)
#1 C:\xampp\htdocs\NF-e-NFC-e-Project-CodeIgniter-4-\system\Database\BaseConnection.php(573): CodeIgniter\Database\BaseConnection->initialize()
#2 C:\xampp\htdocs\NF-e-NFC-e-Project-CodeIgniter-4-\system\Database\BaseConnection.php(1408): CodeIgniter\Database\BaseConnection->query('SHOW TABLES FRO...')
#3 C:\xampp\htdocs\NF-e-NFC-e-Project-CodeIgniter-4-\system\Database\BaseConnection.php(1427): CodeIgniter\Database\BaseConnection->listTables()
#4 C:\xampp\htdocs\NF-e-NFC-e-Project-CodeIgniter-4-\system\Database\MigrationRunner.php(768): CodeIgniter\Database\BaseConnection->tableExists('migrations')
#5 C:\xampp\htdocs\NF-e-NFC-e-Project-CodeIgniter-4-\system\Database\MigrationRunner.php(168): CodeIgniter\Database\MigrationRunner->ensureTable()
#6 C:\xampp\htdocs\NF-e-NFC-e-Project-CodeIgniter-4-\system\Commands\Database\Migrate.php(84): CodeIgniter\Database\MigrationRunner->latest(NULL)
#7 C:\xampp\htdocs\NF-e-NFC-e-Project-CodeIgniter-4-\system\CLI\Commands.php(65): CodeIgniter\Commands\Database\Migrate->run(Array)
#8 C:\xampp\htdocs\NF-e-NFC-e-Project-CodeIgniter-4-\system\CLI\Console.php(37): CodeIgniter\CLI\Commands->run('migrate', Array)
#9 C:\xampp\htdocs\NF-e-NFC-e-Project-CodeIgniter-4-\spark(97): CodeIgniter\CLI\Console->run()
#10 {main}
CRITICAL - 2024-02-22 14:13:07 --> Undefined array key "id"
in APPPATH\Views\produtos\index.php on line 28.
 1 APPPATH\Views\produtos\index.php(28): CodeIgniter\Debug\Exceptions->errorHandler(2, 'Undefined array key "id"', 'APPPATH\\Views\\produtos\\index.php', 28)
 2 SYSTEMPATH\View\View.php(213): include('APPPATH\\Views\\produtos\\index.php')
 3 SYSTEMPATH\View\View.php(216): CodeIgniter\View\View->CodeIgniter\View\{closure}()
 4 SYSTEMPATH\Common.php(1177): CodeIgniter\View\View->render('produtos/index', [], true)
 5 APPPATH\Controllers\Produtos.php(34): view('produtos/index', [...])
 6 SYSTEMPATH\CodeIgniter.php(934): App\Controllers\Produtos->index()
 7 SYSTEMPATH\CodeIgniter.php(499): CodeIgniter\CodeIgniter->runController(Object(App\Controllers\Produtos))
 8 SYSTEMPATH\CodeIgniter.php(368): CodeIgniter\CodeIgniter->handleRequest(null, Object(Config\Cache), false)
 9 FCPATH\index.php(67): CodeIgniter\CodeIgniter->run()
CRITICAL - 2024-02-22 14:13:18 --> Undefined array key "id"
in APPPATH\Views\produtos\index.php on line 28.
 1 APPPATH\Views\produtos\index.php(28): CodeIgniter\Debug\Exceptions->errorHandler(2, 'Undefined array key "id"', 'APPPATH\\Views\\produtos\\index.php', 28)
 2 SYSTEMPATH\View\View.php(213): include('APPPATH\\Views\\produtos\\index.php')
 3 SYSTEMPATH\View\View.php(216): CodeIgniter\View\View->CodeIgniter\View\{closure}()
 4 SYSTEMPATH\Common.php(1177): CodeIgniter\View\View->render('produtos/index', [], true)
 5 APPPATH\Controllers\Produtos.php(34): view('produtos/index', [...])
 6 SYSTEMPATH\CodeIgniter.php(934): App\Controllers\Produtos->index()
 7 SYSTEMPATH\CodeIgniter.php(499): CodeIgniter\CodeIgniter->runController(Object(App\Controllers\Produtos))
 8 SYSTEMPATH\CodeIgniter.php(368): CodeIgniter\CodeIgniter->handleRequest(null, Object(Config\Cache), false)
 9 FCPATH\index.php(67): CodeIgniter\CodeIgniter->run()
ERROR - 2024-02-22 17:58:50 --> mysqli_sql_exception: You have an error in your SQL syntax; check the manual that corresponds to your MariaDB server version for the right syntax to use near ' 3' at line 2 in C:\xampp\htdocs\NF-e-NFC-e-Project-CodeIgniter-4-\system\Database\MySQLi\Connection.php:295
Stack trace:
#0 C:\xampp\htdocs\NF-e-NFC-e-Project-CodeIgniter-4-\system\Database\MySQLi\Connection.php(295): mysqli->query('UPDATE `produto...', 0)
#1 C:\xampp\htdocs\NF-e-NFC-e-Project-CodeIgniter-4-\system\Database\BaseConnection.php(691): CodeIgniter\Database\MySQLi\Connection->execute('UPDATE `produto...')
#2 C:\xampp\htdocs\NF-e-NFC-e-Project-CodeIgniter-4-\system\Database\BaseConnection.php(605): CodeIgniter\Database\BaseConnection->simpleQuery('UPDATE `produto...')
#3 C:\xampp\htdocs\NF-e-NFC-e-Project-CodeIgniter-4-\system\Database\BaseBuilder.php(2462): CodeIgniter\Database\BaseConnection->query('UPDATE `produto...', Array, false)
#4 C:\xampp\htdocs\NF-e-NFC-e-Project-CodeIgniter-4-\system\Model.php(395): CodeIgniter\Database\BaseBuilder->update()
#5 C:\xampp\htdocs\NF-e-NFC-e-Project-CodeIgniter-4-\system\BaseModel.php(943): CodeIgniter\Model->doUpdate(NULL, Array)
#6 C:\xampp\htdocs\NF-e-NFC-e-Project-CodeIgniter-4-\system\Model.php(755): CodeIgniter\BaseModel->update(NULL, Array)
#7 C:\xampp\htdocs\NF-e-NFC-e-Project-CodeIgniter-4-\app\Controllers\Produtos.php(58): CodeIgniter\Model->update()
#8 C:\xampp\htdocs\NF-e-NFC-e-Project-CodeIgniter-4-\system\CodeIgniter.php(934): App\Controllers\Produtos->model()
#9 C:\xampp\htdocs\NF-e-NFC-e-Project-CodeIgniter-4-\system\CodeIgniter.php(499): CodeIgniter\CodeIgniter->runController(Object(App\Controllers\Produtos))
#10 C:\xampp\htdocs\NF-e-NFC-e-Project-CodeIgniter-4-\system\CodeIgniter.php(368): CodeIgniter\CodeIgniter->handleRequest(NULL, Object(Config\Cache), false)
#11 C:\xampp\htdocs\NF-e-NFC-e-Project-CodeIgniter-4-\public\index.php(67): CodeIgniter\CodeIgniter->run()
#12 {main}
CRITICAL - 2024-02-22 17:58:50 --> You have an error in your SQL syntax; check the manual that corresponds to your MariaDB server version for the right syntax to use near ' 3' at line 2
in SYSTEMPATH\Database\BaseConnection.php on line 645.
 1 SYSTEMPATH\Database\BaseBuilder.php(2462): CodeIgniter\Database\BaseConnection->query('UPDATE `produtos` SET `nome` = :nome:, `descricao` = :descricao:, `valor_de_compra` = :valor_de_compra:, `valor_de_venda` = :valor_de_venda:, `quantidade` = :quantidade:, `validade` = :validade:, `updated_at` = :updated_at:
WHERE id, 3', [...], false)
 2 SYSTEMPATH\Model.php(395): CodeIgniter\Database\BaseBuilder->update()
 3 SYSTEMPATH\BaseModel.php(943): CodeIgniter\Model->doUpdate(null, [...])
 4 SYSTEMPATH\Model.php(755): CodeIgniter\BaseModel->update(null, [...])
 5 APPPATH\Controllers\Produtos.php(58): CodeIgniter\Model->update()
 6 SYSTEMPATH\CodeIgniter.php(934): App\Controllers\Produtos->model()
 7 SYSTEMPATH\CodeIgniter.php(499): CodeIgniter\CodeIgniter->runController(Object(App\Controllers\Produtos))
 8 SYSTEMPATH\CodeIgniter.php(368): CodeIgniter\CodeIgniter->handleRequest(null, Object(Config\Cache), false)
 9 FCPATH\index.php(67): CodeIgniter\CodeIgniter->run()
ERROR - 2024-02-22 17:59:58 --> mysqli_sql_exception: You have an error in your SQL syntax; check the manual that corresponds to your MariaDB server version for the right syntax to use near ' 3' at line 2 in C:\xampp\htdocs\NF-e-NFC-e-Project-CodeIgniter-4-\system\Database\MySQLi\Connection.php:295
Stack trace:
#0 C:\xampp\htdocs\NF-e-NFC-e-Project-CodeIgniter-4-\system\Database\MySQLi\Connection.php(295): mysqli->query('UPDATE `produto...', 0)
#1 C:\xampp\htdocs\NF-e-NFC-e-Project-CodeIgniter-4-\system\Database\BaseConnection.php(691): CodeIgniter\Database\MySQLi\Connection->execute('UPDATE `produto...')
#2 C:\xampp\htdocs\NF-e-NFC-e-Project-CodeIgniter-4-\system\Database\BaseConnection.php(605): CodeIgniter\Database\BaseConnection->simpleQuery('UPDATE `produto...')
#3 C:\xampp\htdocs\NF-e-NFC-e-Project-CodeIgniter-4-\system\Database\BaseBuilder.php(2462): CodeIgniter\Database\BaseConnection->query('UPDATE `produto...', Array, false)
#4 C:\xampp\htdocs\NF-e-NFC-e-Project-CodeIgniter-4-\system\Model.php(395): CodeIgniter\Database\BaseBuilder->update()
#5 C:\xampp\htdocs\NF-e-NFC-e-Project-CodeIgniter-4-\system\BaseModel.php(943): CodeIgniter\Model->doUpdate(NULL, Array)
#6 C:\xampp\htdocs\NF-e-NFC-e-Project-CodeIgniter-4-\system\Model.php(755): CodeIgniter\BaseModel->update(NULL, Array)
#7 C:\xampp\htdocs\NF-e-NFC-e-Project-CodeIgniter-4-\app\Controllers\Produtos.php(58): CodeIgniter\Model->update()
#8 C:\xampp\htdocs\NF-e-NFC-e-Project-CodeIgniter-4-\system\CodeIgniter.php(934): App\Controllers\Produtos->model()
#9 C:\xampp\htdocs\NF-e-NFC-e-Project-CodeIgniter-4-\system\CodeIgniter.php(499): CodeIgniter\CodeIgniter->runController(Object(App\Controllers\Produtos))
#10 C:\xampp\htdocs\NF-e-NFC-e-Project-CodeIgniter-4-\system\CodeIgniter.php(368): CodeIgniter\CodeIgniter->handleRequest(NULL, Object(Config\Cache), false)
#11 C:\xampp\htdocs\NF-e-NFC-e-Project-CodeIgniter-4-\public\index.php(67): CodeIgniter\CodeIgniter->run()
#12 {main}
CRITICAL - 2024-02-22 17:59:58 --> You have an error in your SQL syntax; check the manual that corresponds to your MariaDB server version for the right syntax to use near ' 3' at line 2
in SYSTEMPATH\Database\BaseConnection.php on line 645.
 1 SYSTEMPATH\Database\BaseBuilder.php(2462): CodeIgniter\Database\BaseConnection->query('UPDATE `produtos` SET `nome` = :nome:, `descricao` = :descricao:, `valor_de_compra` = :valor_de_compra:, `valor_de_venda` = :valor_de_venda:, `quantidade` = :quantidade:, `validade` = :validade:, `updated_at` = :updated_at:
WHERE id, 3', [...], false)
 2 SYSTEMPATH\Model.php(395): CodeIgniter\Database\BaseBuilder->update()
 3 SYSTEMPATH\BaseModel.php(943): CodeIgniter\Model->doUpdate(null, [...])
 4 SYSTEMPATH\Model.php(755): CodeIgniter\BaseModel->update(null, [...])
 5 APPPATH\Controllers\Produtos.php(58): CodeIgniter\Model->update()
 6 SYSTEMPATH\CodeIgniter.php(934): App\Controllers\Produtos->model()
 7 SYSTEMPATH\CodeIgniter.php(499): CodeIgniter\CodeIgniter->runController(Object(App\Controllers\Produtos))
 8 SYSTEMPATH\CodeIgniter.php(368): CodeIgniter\CodeIgniter->handleRequest(null, Object(Config\Cache), false)
 9 FCPATH\index.php(67): CodeIgniter\CodeIgniter->run()
